Using pre-set license
Built from '2020.2/release' branch; Version is '2020.2.1f1 (270dd8c3da1c) revision 2559448'; Using compiler version '192528614'; Build Type 'Release'
OS: 'Windows 10  (10.0.0) 64bit' Language: 'en' Physical Memory: 16332 MB
BatchMode: 1, IsHumanControllingUs: 0, StartBugReporterOnCrash: 0, Is64bit: 1, IsPro: 0

 COMMAND LINE ARGUMENTS:
M:\Program Files\Unity Hub\2020.2.1f1\Editor\Unity.exe
-adb2
-batchMode
-noUpm
-name
AssetImportWorker0
-projectPath
M:/VGP Term 3/VGP142/VGP142_L1_Duarte_Marlon/VGP_142_2021_Labs
-logFile
Logs/AssetImportWorker0.log
-srvPort
58659
Successfully changed project path to: M:/VGP Term 3/VGP142/VGP142_L1_Duarte_Marlon/VGP_142_2021_Labs
M:/VGP Term 3/VGP142/VGP142_L1_Duarte_Marlon/VGP_142_2021_Labs
Using Asset Import Pipeline V2.
Refreshing native plugins compatible for Editor in 28.66 ms, found 0 plugins.
Preloading 0 native plugins for Editor in 0.00 ms.
Initialize engine version: 2020.2.1f1 (270dd8c3da1c)
[Subsystems] Discovering subsystems at path M:/Program Files/Unity Hub/2020.2.1f1/Editor/Data/Resources/UnitySubsystems
[Subsystems] Discovering subsystems at path M:/VGP Term 3/VGP142/VGP142_L1_Duarte_Marlon/VGP_142_2021_Labs/Assets
GfxDevice: creating device client; threaded=0
Direct3D:
    Version:  Direct3D 11.0 [level 11.1]
    Renderer: NVIDIA GeForce RTX 3080 (ID=0x2206)
    Vendor:   
    VRAM:     10078 MB
    Driver:   27.21.14.6611
Initialize mono
Mono path[0] = 'M:/Program Files/Unity Hub/2020.2.1f1/Editor/Data/Managed'
Mono path[1] = 'M:/Program Files/Unity Hub/2020.2.1f1/Editor/Data/MonoBleedingEdge/lib/mono/unityjit'
Mono config path = 'M:/Program Files/Unity Hub/2020.2.1f1/Editor/Data/MonoBleedingEdge/etc'
Using monoOptions --debugger-agent=transport=dt_socket,embedding=1,server=y,suspend=n,address=127.0.0.1:56056
Begin MonoManager ReloadAssembly
Registering precompiled unity dll's ...
Register platform support module: M:/Program Files/Unity Hub/2020.2.1f1/Editor/Data/PlaybackEngines/WindowsStandaloneSupport/UnityEditor.WindowsStandalone.Extensions.dll
Registered in 0.001466 seconds.
Native extension for WindowsStandalone target not found
Refreshing native plugins compatible for Editor in 27.57 ms, found 0 plugins.
Preloading 0 native plugins for Editor in 0.00 ms.
Invoked RoslynAnalysisRunner static constructor.
RoslynAnalysisRunner will not be running.
RoslynAnalysisRunner has terminated.
Mono: successfully reloaded assembly
- Completed reload, in  1.315 seconds
Platform modules already initialized, skipping
Registering precompiled user dll's ...
Registered in 0.000729 seconds.
Begin MonoManager ReloadAssembly
Native extension for WindowsStandalone target not found
Refreshing native plugins compatible for Editor in 0.29 ms, found 0 plugins.
Preloading 0 native plugins for Editor in 0.00 ms.
Invoked RoslynAnalysisRunner static constructor.
RoslynAnalysisRunner will not be running.
RoslynAnalysisRunner has terminated.
Mono: successfully reloaded assembly
- Completed reload, in  0.693 seconds
Platform modules already initialized, skipping
========================================================================
Worker process is ready to serve import requests
Launched and connected shader compiler UnityShaderCompiler.exe after 0.04 seconds
Refreshing native plugins compatible for Editor in 0.43 ms, found 0 plugins.
Preloading 0 native plugins for Editor in 0.00 ms.
Unloading 1227 Unused Serialized files (Serialized files now loaded: 0)
System memory in use before: 83.9 MB.
System memory in use after: 80.0 MB.

Unloading 30 unused Assets to reduce memory usage. Loaded Objects now: 1674.
Total: 5.044000 ms (FindLiveObjects: 0.411200 ms CreateObjectMapping: 0.049000 ms MarkObjects: 2.570800 ms  DeleteObjects: 2.011500 ms)

========================================================================
Received Import Request.
  path: Assets/Prefabs/Capsule.prefab
  artifactKey: Guid(c32cdcd1953e3ac4aa99077a42645189) Importer(815301076,1909f56bfc062723c751e8b465ee728b)
Start importing Assets/Prefabs/Capsule.prefab using Guid(c32cdcd1953e3ac4aa99077a42645189) Importer(815301076,1909f56bfc062723c751e8b465ee728b)  -> (artifact id: '2b36b590e388ef9345e094c82ea1c86d') in 0.081417 seconds
  Import took 0.084869 seconds .

========================================================================
Received Import Request.
  Time since last request: 0.371518 seconds.
  path: Assets/Prefabs/Capsule.prefab
  artifactKey: Guid(c32cdcd1953e3ac4aa99077a42645189) Importer(815301076,1909f56bfc062723c751e8b465ee728b)
Start importing Assets/Prefabs/Capsule.prefab using Guid(c32cdcd1953e3ac4aa99077a42645189) Importer(815301076,1909f56bfc062723c751e8b465ee728b)  -> (artifact id: '2b36b590e388ef9345e094c82ea1c86d') in 0.007850 seconds
  Import took 0.009863 seconds .

========================================================================
Received Prepare
Registering precompiled user dll's ...
Registered in 0.000790 seconds.
Begin MonoManager ReloadAssembly
Native extension for WindowsStandalone target not found
Refreshing native plugins compatible for Editor in 0.34 ms, found 0 plugins.
Preloading 0 native plugins for Editor in 0.00 ms.
Invoked RoslynAnalysisRunner static constructor.
RoslynAnalysisRunner will not be running.
RoslynAnalysisRunner has terminated.
Mono: successfully reloaded assembly
- Completed reload, in  0.762 seconds
Platform modules already initialized, skipping
Refreshing native plugins compatible for Editor in 0.30 ms, found 0 plugins.
Preloading 0 native plugins for Editor in 0.00 ms.
Unloading 1221 Unused Serialized files (Serialized files now loaded: 0)
System memory in use before: 87.2 MB.
System memory in use after: 83.2 MB.

Unloading 26 unused Assets to reduce memory usage. Loaded Objects now: 1684.
Total: 3.567700 ms (FindLiveObjects: 0.188800 ms CreateObjectMapping: 0.027200 ms MarkObjects: 1.412200 ms  DeleteObjects: 1.938300 ms)

========================================================================
Received Prepare
Registering precompiled user dll's ...
Registered in 0.000680 seconds.
Begin MonoManager ReloadAssembly
Native extension for WindowsStandalone target not found
Refreshing native plugins compatible for Editor in 0.32 ms, found 0 plugins.
Preloading 0 native plugins for Editor in 0.00 ms.
Invoked RoslynAnalysisRunner static constructor.
RoslynAnalysisRunner will not be running.
RoslynAnalysisRunner has terminated.
Mono: successfully reloaded assembly
- Completed reload, in  0.672 seconds
Platform modules already initialized, skipping
Refreshing native plugins compatible for Editor in 0.30 ms, found 0 plugins.
Preloading 0 native plugins for Editor in 0.00 ms.
Unloading 1221 Unused Serialized files (Serialized files now loaded: 0)
System memory in use before: 88.1 MB.
System memory in use after: 84.2 MB.

Unloading 25 unused Assets to reduce memory usage. Loaded Objects now: 1686.
Total: 4.234700 ms (FindLiveObjects: 0.185800 ms CreateObjectMapping: 0.029200 ms MarkObjects: 1.898100 ms  DeleteObjects: 2.119800 ms)

========================================================================
Received Prepare
Registering precompiled user dll's ...
Registered in 0.000697 seconds.
Begin MonoManager ReloadAssembly
Native extension for WindowsStandalone target not found
Refreshing native plugins compatible for Editor in 0.29 ms, found 0 plugins.
Preloading 0 native plugins for Editor in 0.00 ms.
Invoked RoslynAnalysisRunner static constructor.
RoslynAnalysisRunner will not be running.
RoslynAnalysisRunner has terminated.
Mono: successfully reloaded assembly
- Completed reload, in  0.630 seconds
Platform modules already initialized, skipping
Refreshing native plugins compatible for Editor in 0.29 ms, found 0 plugins.
Preloading 0 native plugins for Editor in 0.00 ms.
Unloading 1221 Unused Serialized files (Serialized files now loaded: 0)
System memory in use before: 88.2 MB.
System memory in use after: 84.3 MB.

Unloading 25 unused Assets to reduce memory usage. Loaded Objects now: 1688.
Total: 4.171100 ms (FindLiveObjects: 0.190700 ms CreateObjectMapping: 0.028400 ms MarkObjects: 1.541300 ms  DeleteObjects: 2.409400 ms)

========================================================================
Received Import Request.
  Time since last request: 310.224091 seconds.
  path: Assets/Prefabs/GameObjectSpawn.prefab
  artifactKey: Guid(c9501e6c5d8920444af87c8684c2476d) Importer(815301076,1909f56bfc062723c751e8b465ee728b)
Start importing Assets/Prefabs/GameObjectSpawn.prefab using Guid(c9501e6c5d8920444af87c8684c2476d) Importer(815301076,1909f56bfc062723c751e8b465ee728b)  -> (artifact id: '3558d60fb7943f77bdfac4c56827ac35') in 0.022443 seconds
  Import took 0.025152 seconds .

========================================================================
Received Import Request.
  Time since last request: 0.009251 seconds.
  path: Assets/Prefabs/GameObjectSpawn.prefab
  artifactKey: Guid(c9501e6c5d8920444af87c8684c2476d) Importer(815301076,1909f56bfc062723c751e8b465ee728b)
Start importing Assets/Prefabs/GameObjectSpawn.prefab using Guid(c9501e6c5d8920444af87c8684c2476d) Importer(815301076,1909f56bfc062723c751e8b465ee728b)  -> (artifact id: '3558d60fb7943f77bdfac4c56827ac35') in 0.003920 seconds
  Import took 0.005826 seconds .

========================================================================
Received Prepare
Registering precompiled user dll's ...
Registered in 0.001240 seconds.
Begin MonoManager ReloadAssembly
Native extension for WindowsStandalone target not found
Refreshing native plugins compatible for Editor in 0.31 ms, found 0 plugins.
Preloading 0 native plugins for Editor in 0.00 ms.
Invoked RoslynAnalysisRunner static constructor.
RoslynAnalysisRunner will not be running.
RoslynAnalysisRunner has terminated.
Mono: successfully reloaded assembly
- Completed reload, in  0.722 seconds
Platform modules already initialized, skipping
Refreshing native plugins compatible for Editor in 0.47 ms, found 0 plugins.
Preloading 0 native plugins for Editor in 0.00 ms.
Unloading 1221 Unused Serialized files (Serialized files now loaded: 0)
System memory in use before: 88.3 MB.
System memory in use after: 84.3 MB.

Unloading 25 unused Assets to reduce memory usage. Loaded Objects now: 1690.
Total: 4.685800 ms (FindLiveObjects: 0.201500 ms CreateObjectMapping: 0.026800 ms MarkObjects: 1.718200 ms  DeleteObjects: 2.737500 ms)

========================================================================
Received Import Request.
  Time since last request: 235.618006 seconds.
  path: Assets/Standard Assets/Characters/ThirdPersonCharacter/Materials
  artifactKey: Guid(f93df448921b46c45999c77f43856ba2) Importer(815301076,1909f56bfc062723c751e8b465ee728b)
Start importing Assets/Standard Assets/Characters/ThirdPersonCharacter/Materials using Guid(f93df448921b46c45999c77f43856ba2) Importer(815301076,1909f56bfc062723c751e8b465ee728b)  -> (artifact id: '0d0423d21109a5239d38568183e49183') in 0.005455 seconds
  Import took 0.007742 seconds .

========================================================================
Received Import Request.
  Time since last request: 11.872923 seconds.
  path: Assets/Standard Assets/Utility
  artifactKey: Guid(4539eb30e895bbb41b5eae6df2dde978) Importer(815301076,1909f56bfc062723c751e8b465ee728b)
Start importing Assets/Standard Assets/Utility using Guid(4539eb30e895bbb41b5eae6df2dde978) Importer(815301076,1909f56bfc062723c751e8b465ee728b)  -> (artifact id: '9ae8b96bce484f62fb5822aa28ce15a5') in 0.002653 seconds
  Import took 0.006112 seconds .

========================================================================
Received Import Request.
  Time since last request: 0.523150 seconds.
  path: Assets/Starfield Skybox
  artifactKey: Guid(442962f85cf0e1e4bab12cb44e1e9d9c) Importer(815301076,1909f56bfc062723c751e8b465ee728b)
Start importing Assets/Starfield Skybox using Guid(442962f85cf0e1e4bab12cb44e1e9d9c) Importer(815301076,1909f56bfc062723c751e8b465ee728b)  -> (artifact id: '0cacfc7a6b7e327dbccd4b5b201f5a7b') in 0.002823 seconds
  Import took 0.004996 seconds .

========================================================================
Received Import Request.
  Time since last request: 0.482023 seconds.
  path: Assets/Standard Assets/Vehicles
  artifactKey: Guid(91c9eb0d68c3aa9468278099737303a2) Importer(815301076,1909f56bfc062723c751e8b465ee728b)
Start importing Assets/Standard Assets/Vehicles using Guid(91c9eb0d68c3aa9468278099737303a2) Importer(815301076,1909f56bfc062723c751e8b465ee728b)  -> (artifact id: 'daddabee08ae233522e2ba1ce6300188') in 0.002815 seconds
  Import took 0.007220 seconds .

========================================================================
Received Import Request.
  Time since last request: 0.000823 seconds.
  path: Assets/Standard Assets/Vehicles
  artifactKey: Guid(91c9eb0d68c3aa9468278099737303a2) Importer(815301076,1909f56bfc062723c751e8b465ee728b)
Start importing Assets/Standard Assets/Vehicles using Guid(91c9eb0d68c3aa9468278099737303a2) Importer(815301076,1909f56bfc062723c751e8b465ee728b)  -> (artifact id: 'daddabee08ae233522e2ba1ce6300188') in 0.002608 seconds
  Import took 0.004142 seconds .

========================================================================
Received Prepare
Registering precompiled user dll's ...
Registered in 0.000767 seconds.
Begin MonoManager ReloadAssembly
Native extension for WindowsStandalone target not found
Refreshing native plugins compatible for Editor in 0.29 ms, found 0 plugins.
Preloading 0 native plugins for Editor in 0.00 ms.
Invoked RoslynAnalysisRunner static constructor.
RoslynAnalysisRunner will not be running.
RoslynAnalysisRunner has terminated.
Mono: successfully reloaded assembly
- Completed reload, in  0.644 seconds
Platform modules already initialized, skipping
Refreshing native plugins compatible for Editor in 0.29 ms, found 0 plugins.
Preloading 0 native plugins for Editor in 0.00 ms.
Unloading 1221 Unused Serialized files (Serialized files now loaded: 0)
System memory in use before: 88.3 MB.
System memory in use after: 84.3 MB.

Unloading 25 unused Assets to reduce memory usage. Loaded Objects now: 1692.
Total: 4.379300 ms (FindLiveObjects: 0.267300 ms CreateObjectMapping: 0.038300 ms MarkObjects: 1.524800 ms  DeleteObjects: 2.547800 ms)

========================================================================
Received Prepare
Registering precompiled user dll's ...
Registered in 0.001021 seconds.
Begin MonoManager ReloadAssembly
Native extension for WindowsStandalone target not found
Refreshing native plugins compatible for Editor in 0.31 ms, found 0 plugins.
Preloading 0 native plugins for Editor in 0.00 ms.
Invoked RoslynAnalysisRunner static constructor.
RoslynAnalysisRunner will not be running.
RoslynAnalysisRunner has terminated.
Mono: successfully reloaded assembly
- Completed reload, in  0.647 seconds
Platform modules already initialized, skipping
Refreshing native plugins compatible for Editor in 0.43 ms, found 0 plugins.
Preloading 0 native plugins for Editor in 0.00 ms.
Unloading 1221 Unused Serialized files (Serialized files now loaded: 0)
System memory in use before: 88.1 MB.
System memory in use after: 84.1 MB.

Unloading 25 unused Assets to reduce memory usage. Loaded Objects now: 1694.
Total: 3.952500 ms (FindLiveObjects: 0.182700 ms CreateObjectMapping: 0.029700 ms MarkObjects: 1.304000 ms  DeleteObjects: 2.435200 ms)

========================================================================
Received Prepare
Registering precompiled user dll's ...
Registered in 0.000701 seconds.
Begin MonoManager ReloadAssembly
Native extension for WindowsStandalone target not found
Refreshing native plugins compatible for Editor in 0.30 ms, found 0 plugins.
Preloading 0 native plugins for Editor in 0.00 ms.
Invoked RoslynAnalysisRunner static constructor.
RoslynAnalysisRunner will not be running.
RoslynAnalysisRunner has terminated.
Mono: successfully reloaded assembly
- Completed reload, in  0.631 seconds
Platform modules already initialized, skipping
Refreshing native plugins compatible for Editor in 0.30 ms, found 0 plugins.
Preloading 0 native plugins for Editor in 0.00 ms.
Unloading 1221 Unused Serialized files (Serialized files now loaded: 0)
System memory in use before: 88.3 MB.
System memory in use after: 84.3 MB.

Unloading 25 unused Assets to reduce memory usage. Loaded Objects now: 1696.
Total: 4.433300 ms (FindLiveObjects: 0.229600 ms CreateObjectMapping: 0.028500 ms MarkObjects: 1.554100 ms  DeleteObjects: 2.620200 ms)

========================================================================
Received Prepare
Registering precompiled user dll's ...
Registered in 0.000831 seconds.
Begin MonoManager ReloadAssembly
Native extension for WindowsStandalone target not found
Refreshing native plugins compatible for Editor in 0.31 ms, found 0 plugins.
Preloading 0 native plugins for Editor in 0.00 ms.
Invoked RoslynAnalysisRunner static constructor.
RoslynAnalysisRunner will not be running.
RoslynAnalysisRunner has terminated.
Mono: successfully reloaded assembly
- Completed reload, in  0.647 seconds
Platform modules already initialized, skipping
Refreshing native plugins compatible for Editor in 0.37 ms, found 0 plugins.
Preloading 0 native plugins for Editor in 0.00 ms.
Unloading 1221 Unused Serialized files (Serialized files now loaded: 0)
System memory in use before: 88.3 MB.
System memory in use after: 84.3 MB.

Unloading 25 unused Assets to reduce memory usage. Loaded Objects now: 1698.
Total: 3.890500 ms (FindLiveObjects: 0.210300 ms CreateObjectMapping: 0.025900 ms MarkObjects: 1.273700 ms  DeleteObjects: 2.379400 ms)

========================================================================
Received Prepare
Registering precompiled user dll's ...
Registered in 0.000671 seconds.
Begin MonoManager ReloadAssembly
Native extension for WindowsStandalone target not found
Refreshing native plugins compatible for Editor in 0.33 ms, found 0 plugins.
Preloading 0 native plugins for Editor in 0.00 ms.
Invoked RoslynAnalysisRunner static constructor.
RoslynAnalysisRunner will not be running.
RoslynAnalysisRunner has terminated.
Mono: successfully reloaded assembly
- Completed reload, in  0.635 seconds
Platform modules already initialized, skipping
Refreshing native plugins compatible for Editor in 0.35 ms, found 0 plugins.
Preloading 0 native plugins for Editor in 0.00 ms.
Unloading 1221 Unused Serialized files (Serialized files now loaded: 0)
System memory in use before: 88.2 MB.
System memory in use after: 84.3 MB.

Unloading 25 unused Assets to reduce memory usage. Loaded Objects now: 1700.
Total: 6.000400 ms (FindLiveObjects: 0.273000 ms CreateObjectMapping: 0.029200 ms MarkObjects: 1.887500 ms  DeleteObjects: 3.808900 ms)

========================================================================
Received Prepare
Registering precompiled user dll's ...
Registered in 0.000783 seconds.
Begin MonoManager ReloadAssembly
Native extension for WindowsStandalone target not found
Refreshing native plugins compatible for Editor in 0.34 ms, found 0 plugins.
Preloading 0 native plugins for Editor in 0.00 ms.
Invoked RoslynAnalysisRunner static constructor.
RoslynAnalysisRunner will not be running.
RoslynAnalysisRunner has terminated.
Mono: successfully reloaded assembly
- Completed reload, in  0.649 seconds
Platform modules already initialized, skipping
Refreshing native plugins compatible for Editor in 0.30 ms, found 0 plugins.
Preloading 0 native plugins for Editor in 0.00 ms.
Unloading 1221 Unused Serialized files (Serialized files now loaded: 0)
System memory in use before: 88.2 MB.
System memory in use after: 84.3 MB.

Unloading 25 unused Assets to reduce memory usage. Loaded Objects now: 1702.
Total: 3.850800 ms (FindLiveObjects: 0.188000 ms CreateObjectMapping: 0.027000 ms MarkObjects: 1.299800 ms  DeleteObjects: 2.334900 ms)

========================================================================
Received Prepare
Registering precompiled user dll's ...
Registered in 0.000907 seconds.
Begin MonoManager ReloadAssembly
Native extension for WindowsStandalone target not found
Refreshing native plugins compatible for Editor in 0.38 ms, found 0 plugins.
Preloading 0 native plugins for Editor in 0.00 ms.
Invoked RoslynAnalysisRunner static constructor.
RoslynAnalysisRunner will not be running.
RoslynAnalysisRunner has terminated.
Mono: successfully reloaded assembly
- Completed reload, in  0.702 seconds
Platform modules already initialized, skipping
Refreshing native plugins compatible for Editor in 0.39 ms, found 0 plugins.
Preloading 0 native plugins for Editor in 0.00 ms.
Unloading 1221 Unused Serialized files (Serialized files now loaded: 0)
System memory in use before: 88.3 MB.
System memory in use after: 84.3 MB.

Unloading 25 unused Assets to reduce memory usage. Loaded Objects now: 1704.
Total: 5.168100 ms (FindLiveObjects: 0.357900 ms CreateObjectMapping: 0.043300 ms MarkObjects: 1.792800 ms  DeleteObjects: 2.972800 ms)

========================================================================
Received Import Request.
  Time since last request: 1000.010424 seconds.
  path: Assets/Prefabs/Capsule.prefab
  artifactKey: Guid(c32cdcd1953e3ac4aa99077a42645189) Importer(815301076,1909f56bfc062723c751e8b465ee728b)
Start importing Assets/Prefabs/Capsule.prefab using Guid(c32cdcd1953e3ac4aa99077a42645189) Importer(815301076,1909f56bfc062723c751e8b465ee728b)  -> (artifact id: '803c89d0e79f8e092698612048bd78fb') in 0.049059 seconds
  Import took 0.051765 seconds .

========================================================================
Received Prepare
Registering precompiled user dll's ...
Registered in 0.000771 seconds.
Begin MonoManager ReloadAssembly
Native extension for WindowsStandalone target not found
Refreshing native plugins compatible for Editor in 0.30 ms, found 0 plugins.
Preloading 0 native plugins for Editor in 0.00 ms.
Invoked RoslynAnalysisRunner static constructor.
RoslynAnalysisRunner will not be running.
RoslynAnalysisRunner has terminated.
Mono: successfully reloaded assembly
- Completed reload, in  0.639 seconds
Platform modules already initialized, skipping
Refreshing native plugins compatible for Editor in 0.40 ms, found 0 plugins.
Preloading 0 native plugins for Editor in 0.00 ms.
Unloading 1221 Unused Serialized files (Serialized files now loaded: 0)
System memory in use before: 88.2 MB.
System memory in use after: 84.2 MB.

Unloading 26 unused Assets to reduce memory usage. Loaded Objects now: 1707.
Total: 4.259100 ms (FindLiveObjects: 0.205600 ms CreateObjectMapping: 0.026700 ms MarkObjects: 1.356900 ms  DeleteObjects: 2.668800 ms)

========================================================================
Received Import Request.
  Time since last request: 117.346197 seconds.
  path: Assets/Prefabs/Cube.prefab
  artifactKey: Guid(5e22eeca52a84444b9e091788d11de0f) Importer(815301076,1909f56bfc062723c751e8b465ee728b)
Start importing Assets/Prefabs/Cube.prefab using Guid(5e22eeca52a84444b9e091788d11de0f) Importer(815301076,1909f56bfc062723c751e8b465ee728b)  -> (artifact id: 'ffd7492ada445b0f381ad59941a81bc1') in 0.047045 seconds
  Import took 0.049451 seconds .

========================================================================
Received Import Request.
  Time since last request: 20.744118 seconds.
  path: Assets/Standard Assets/Vehicles/Car/Prefabs/Car.prefab
  artifactKey: Guid(0e7ee4df08df88c4880f43398f9ad2c2) Importer(815301076,1909f56bfc062723c751e8b465ee728b)
Start importing Assets/Standard Assets/Vehicles/Car/Prefabs/Car.prefab using Guid(0e7ee4df08df88c4880f43398f9ad2c2) Importer(815301076,1909f56bfc062723c751e8b465ee728b)  -> (artifact id: '4e1da8c1c9a3a20b5c878dd4a0c7589f') in 0.176665 seconds
  Import took 0.179430 seconds .

========================================================================
Received Import Request.
  Time since last request: 6.665431 seconds.
  path: Assets/Standard Assets/Vehicles/Car/Prefabs/Car.prefab
  artifactKey: Guid(0e7ee4df08df88c4880f43398f9ad2c2) Importer(815301076,1909f56bfc062723c751e8b465ee728b)
Start importing Assets/Standard Assets/Vehicles/Car/Prefabs/Car.prefab using Guid(0e7ee4df08df88c4880f43398f9ad2c2) Importer(815301076,1909f56bfc062723c751e8b465ee728b)  -> (artifact id: '3ac75e839dce50ccd1aadfdfffae5b77') in 0.036462 seconds
  Import took 0.039842 seconds .

========================================================================
Received Import Request.
  Time since last request: 3.126976 seconds.
  path: Assets/Standard Assets/Vehicles/Car/Prefabs/Car.prefab
  artifactKey: Guid(0e7ee4df08df88c4880f43398f9ad2c2) Importer(815301076,1909f56bfc062723c751e8b465ee728b)
Start importing Assets/Standard Assets/Vehicles/Car/Prefabs/Car.prefab using Guid(0e7ee4df08df88c4880f43398f9ad2c2) Importer(815301076,1909f56bfc062723c751e8b465ee728b)  -> (artifact id: '1c6783284a495541a17aa4006401fc1c') in 0.033332 seconds
  Import took 0.036504 seconds .

========================================================================
Received Prepare
Registering precompiled user dll's ...
Registered in 0.000767 seconds.
Begin MonoManager ReloadAssembly
Native extension for WindowsStandalone target not found
Refreshing native plugins compatible for Editor in 0.29 ms, found 0 plugins.
Preloading 0 native plugins for Editor in 0.00 ms.
Invoked RoslynAnalysisRunner static constructor.
RoslynAnalysisRunner will not be running.
RoslynAnalysisRunner has terminated.
Mono: successfully reloaded assembly
- Completed reload, in  0.630 seconds
Platform modules already initialized, skipping
Refreshing native plugins compatible for Editor in 0.36 ms, found 0 plugins.
Preloading 0 native plugins for Editor in 0.00 ms.
Unloading 1221 Unused Serialized files (Serialized files now loaded: 0)
System memory in use before: 88.5 MB.
System memory in use after: 84.5 MB.

Unloading 26 unused Assets to reduce memory usage. Loaded Objects now: 1713.
Total: 4.329900 ms (FindLiveObjects: 0.161100 ms CreateObjectMapping: 0.032100 ms MarkObjects: 1.494700 ms  DeleteObjects: 2.641000 ms)

========================================================================
Received Prepare
Registering precompiled user dll's ...
Registered in 0.000746 seconds.
Begin MonoManager ReloadAssembly
Native extension for WindowsStandalone target not found
Refreshing native plugins compatible for Editor in 0.30 ms, found 0 plugins.
Preloading 0 native plugins for Editor in 0.00 ms.
Invoked RoslynAnalysisRunner static constructor.
RoslynAnalysisRunner will not be running.
RoslynAnalysisRunner has terminated.
Mono: successfully reloaded assembly
- Completed reload, in  0.622 seconds
Platform modules already initialized, skipping
Refreshing native plugins compatible for Editor in 0.30 ms, found 0 plugins.
Preloading 0 native plugins for Editor in 0.00 ms.
Unloading 1221 Unused Serialized files (Serialized files now loaded: 0)
System memory in use before: 88.5 MB.
System memory in use after: 84.5 MB.

Unloading 25 unused Assets to reduce memory usage. Loaded Objects now: 1715.
Total: 4.161000 ms (FindLiveObjects: 0.176200 ms CreateObjectMapping: 0.026300 ms MarkObjects: 1.376100 ms  DeleteObjects: 2.581300 ms)

========================================================================
Received Import Request.
  Time since last request: 499.659048 seconds.
  path: Assets/Standard Assets/Characters/FirstPersonCharacter/Scripts/RigidbodyFirstPersonController.cs
  artifactKey: Guid(81c9795a96c094f4cbde4d65546aa9b2) Importer(815301076,1909f56bfc062723c751e8b465ee728b)
Start importing Assets/Standard Assets/Characters/FirstPersonCharacter/Scripts/RigidbodyFirstPersonController.cs using Guid(81c9795a96c094f4cbde4d65546aa9b2) Importer(815301076,1909f56bfc062723c751e8b465ee728b)  -> (artifact id: 'a3c23d45f329709e1938e5bcaefcd41c') in 0.011582 seconds
  Import took 0.015344 seconds .

========================================================================
Received Prepare
Registering precompiled user dll's ...
Registered in 0.000810 seconds.
Begin MonoManager ReloadAssembly
Native extension for WindowsStandalone target not found
Refreshing native plugins compatible for Editor in 0.41 ms, found 0 plugins.
Preloading 0 native plugins for Editor in 0.00 ms.
Invoked RoslynAnalysisRunner static constructor.
RoslynAnalysisRunner will not be running.
RoslynAnalysisRunner has terminated.
Mono: successfully reloaded assembly
- Completed reload, in  0.629 seconds
Platform modules already initialized, skipping
Refreshing native plugins compatible for Editor in 0.30 ms, found 0 plugins.
Preloading 0 native plugins for Editor in 0.00 ms.
Unloading 1221 Unused Serialized files (Serialized files now loaded: 0)
System memory in use before: 88.5 MB.
System memory in use after: 84.5 MB.

Unloading 25 unused Assets to reduce memory usage. Loaded Objects now: 1717.
Total: 5.251100 ms (FindLiveObjects: 0.255700 ms CreateObjectMapping: 0.030600 ms MarkObjects: 1.617300 ms  DeleteObjects: 3.344800 ms)

AssetImportWorkerClient::OnTransportError - code=2 error=End of file
